
*** Running vivado
    with args -log Simon_Top.vds -m64 -product Vivado -mode batch -messageDb vivado.pb -notrace -source Simon_Top.tcl


****** Vivado v2024.1 (64-bit)
  **** SW Build 5076996 on Wed May 22 18:36:09 MDT 2024
  **** IP Build 5075265 on Wed May 22 21:45:21 MDT 2024
  **** SharedData Build 5076995 on Wed May 22 18:29:18 MDT 2024
  **** Start of session at: Thu Jul 16 22:18:31 2026
    ** Copyright 1986-2022 Xilinx, Inc. All Rights Reserved.
    ** Copyright 2022-2024 Advanced Micro Devices, Inc. All Rights Reserved.

source Simon_Top.tcl -notrace
create_project: Time (s): cpu = 00:00:06 ; elapsed = 00:00:07 . Memory (MB): peak = 2029.852 ; gain = 83.004 ; free physical = 10003 ; free virtual = 16105
Command: read_checkpoint -auto_incremental -incremental /home/user/Projects/Simon_Says/Simon_Says.srcs/utils_1/imports/synth_1/Simon_Top.dcp
INFO: [Vivado 12-5825] Read reference checkpoint from /home/user/Projects/Simon_Says/Simon_Says.srcs/utils_1/imports/synth_1/Simon_Top.dcp for incremental synthesis
INFO: [Vivado 12-7989] Please ensure there are no constraint changes
Command: synth_design -top Simon_Top -part xc7a100tcsg324-1
Starting synth_design
Attempting to get a license for feature 'Synthesis' and/or device 'xc7a100t'
INFO: [Common 17-349] Got license for feature 'Synthesis' and/or device 'xc7a100t'
INFO: [Device 21-403] Loading part xc7a100tcsg324-1
INFO: [Device 21-9227] Part: xc7a100tcsg324-1 does not have CEAM library.
INFO: [Designutils 20-5440] No compile time benefit to using incremental synthesis; A full resynthesis will be run
INFO: [Designutils 20-4379] Flow is switching to default flow due to incremental criteria not met. If you would like to alter this behaviour and have the flow terminate instead, please set the following parameter config_implementation {autoIncr.Synth.RejectBehavior Terminate}
INFO: [Synth 8-7079] Multithreading enabled for synth_design using a maximum of 4 processes.
INFO: [Synth 8-7078] Launching helper process for spawning children vivado processes
INFO: [Synth 8-7075] Helper process launched with PID 58165
---------------------------------------------------------------------------------
Starting RTL Elaboration : Time (s): cpu = 00:00:03 ; elapsed = 00:00:04 . Memory (MB): peak = 2836.352 ; gain = 414.484 ; free physical = 8740 ; free virtual = 14609
---------------------------------------------------------------------------------
INFO: [Synth 8-11241] undeclared symbol 'seed_en', assumed default net type 'wire' [/home/user/Projects/Simon_Says/Simon_Top.sv:84]
INFO: [Synth 8-6157] synthesizing module 'Simon_Top' [/home/user/Projects/Simon_Says/Simon_Top.sv:14]
INFO: [Synth 8-6157] synthesizing module 'clk_divider' [/home/user/Projects/Simon_Says/clk_divider.sv:13]
INFO: [Synth 8-6155] done synthesizing module 'clk_divider' (0#1) [/home/user/Projects/Simon_Says/clk_divider.sv:13]
WARNING: [Synth 8-4446] all outputs are unconnected for this instance and logic may be removed [/home/user/Projects/Simon_Says/Simon_Top.sv:53]
INFO: [Synth 8-6157] synthesizing module 'Game_Control' [/home/user/Projects/Simon_Says/Simon_Says.srcs/sources_1/new/Game_Control.sv:14]
INFO: [Synth 8-155] case statement is not full and has no default [/home/user/Projects/Simon_Says/Simon_Says.srcs/sources_1/new/Game_Control.sv:48]
INFO: [Synth 8-6155] done synthesizing module 'Game_Control' (0#1) [/home/user/Projects/Simon_Says/Simon_Says.srcs/sources_1/new/Game_Control.sv:14]
ERROR: [Synth 8-11365] for the instance 'u_game_control' of module 'Game_Control' declared at '/home/user/Projects/Simon_Says/Simon_Says.srcs/sources_1/new/Game_Control.sv:14', named port connection 'current_state' does not exist [/home/user/Projects/Simon_Says/Simon_Top.sv:62]
ERROR: [Synth 8-439] module 'Pregame' not found [/home/user/Projects/Simon_Says/Simon_Top.sv:65]
ERROR: [Synth 8-6156] failed synthesizing module 'Simon_Top' [/home/user/Projects/Simon_Says/Simon_Top.sv:14]
---------------------------------------------------------------------------------
Finished RTL Elaboration : Time (s): cpu = 00:00:05 ; elapsed = 00:00:05 . Memory (MB): peak = 2913.930 ; gain = 492.062 ; free physical = 8750 ; free virtual = 14635
---------------------------------------------------------------------------------
RTL Elaboration failed
INFO: [Common 17-83] Releasing license: Synthesis
18 Infos, 1 Warnings, 0 Critical Warnings and 4 Errors encountered.
synth_design failed
ERROR: [Common 17-69] Command failed: Synthesis failed - please see the console or run log file for details
INFO: [Common 17-206] Exiting Vivado at Thu Jul 16 22:18:51 2026...
Parent process (pid 58128) has died. This helper process will now exit
